This is pdfTeX, Version 3.14159265-2.6-1.40.21 (MiKTeX 21.1) (preloaded format=pdflatex 2021.1.19)  13 JUN 2021 17:53
entering extended mode
**d:/School/_latex-hw/2021-2022/Summer/CSE360/Exercise6/Exercise6.tex
(d:/School/_latex-hw/2021-2022/Summer/CSE360/Exercise6/Exercise6.tex
LaTeX2e <2020-10-01> patch level 4
L3 programming layer <2021-01-09> xparse <2020-03-03> ("C:\Users\John Li\AppData\Local\Programs\MiKTeX\tex/latex/base\article.cls"
Document Class: article 2020/04/10 v1.4m Standard LaTeX document class
("C:\Users\John Li\AppData\Local\Programs\MiKTeX\tex/latex/base\size10.clo"
File: size10.clo 2020/04/10 v1.4m Standard LaTeX file (size option)
)
\c@part=\count177
\c@section=\count178
\c@subsection=\count179
\c@subsubsection=\count180
\c@paragraph=\count181
\c@subparagraph=\count182
\c@figure=\count183
\c@table=\count184
\abovecaptionskip=\skip47
\belowcaptionskip=\skip48
\bibindent=\dimen138
) ("C:\Users\John Li\AppData\Local\Programs\MiKTeX\tex/latex/geometry\geometry.sty"
Package: geometry 2020/01/02 v5.9 Page Geometry
 ("C:\Users\John Li\AppData\Local\Programs\MiKTeX\tex/latex/graphics\keyval.sty"
Package: keyval 2014/10/28 v1.15 key=value parser (DPC)
\KV@toks@=\toks15
) ("C:\Users\John Li\AppData\Local\Programs\MiKTeX\tex/generic/iftex\ifvtex.sty"
Package: ifvtex 2019/10/25 v1.7 ifvtex legacy package. Use iftex instead.
 ("C:\Users\John Li\AppData\Local\Programs\MiKTeX\tex/generic/iftex\iftex.sty"
Package: iftex 2020/03/06 v1.0d TeX engine tests
))
\Gm@cnth=\count185
\Gm@cntv=\count186
\c@Gm@tempcnt=\count187
\Gm@bindingoffset=\dimen139
\Gm@wd@mp=\dimen140
\Gm@odd@mp=\dimen141
\Gm@even@mp=\dimen142
\Gm@layoutwidth=\dimen143
\Gm@layoutheight=\dimen144
\Gm@layouthoffset=\dimen145
\Gm@layoutvoffset=\dimen146
\Gm@dimlist=\toks16
 ("C:\Users\John Li\AppData\Local\Programs\MiKTeX\tex/latex/geometry\geometry.cfg")) ("C:\Users\John Li\AppData\Local\Programs\MiKTeX\tex/latex/base\inputenc.sty"
Package: inputenc 2020/08/01 v1.3d Input encoding file
\inpenc@prehook=\toks17
\inpenc@posthook=\toks18
) ("C:\Users\John Li\AppData\Local\Programs\MiKTeX\tex/latex/fancyhdr\fancyhdr.sty"
Package: fancyhdr 2021/01/28 v4.0.1 Extensive control of page headers and footers
\f@nch@headwidth=\skip49
\f@nch@O@elh=\skip50
\f@nch@O@erh=\skip51
\f@nch@O@olh=\skip52
\f@nch@O@orh=\skip53
\f@nch@O@elf=\skip54
\f@nch@O@erf=\skip55
\f@nch@O@olf=\skip56
\f@nch@O@orf=\skip57
) ("C:\Users\John Li\AppData\Local\Programs\MiKTeX\tex/latex/latex-tools\tabularx.sty"
Package: tabularx 2020/01/15 v2.11c `tabularx' package (DPC)
 ("C:\Users\John Li\AppData\Local\Programs\MiKTeX\tex/latex/latex-tools\array.sty"
Package: array 2020/10/01 v2.5c Tabular extension package (FMi)
\col@sep=\dimen147
\ar@mcellbox=\box47
\extrarowheight=\dimen148
\NC@list=\toks19
\extratabsurround=\skip58
\backup@length=\skip59
\ar@cellbox=\box48
)
\TX@col@width=\dimen149
\TX@old@table=\dimen150
\TX@old@col=\dimen151
\TX@target=\dimen152
\TX@delta=\dimen153
\TX@cols=\count188
\TX@ftn=\toks20
) ("C:\Users\John Li\AppData\Local\Programs\MiKTeX\tex/latex/graphics\graphicx.sty"
Package: graphicx 2020/09/09 v1.2b Enhanced LaTeX Graphics (DPC,SPQR)
 ("C:\Users\John Li\AppData\Local\Programs\MiKTeX\tex/latex/graphics\graphics.sty"
Package: graphics 2020/08/30 v1.4c Standard LaTeX Graphics (DPC,SPQR)
 ("C:\Users\John Li\AppData\Local\Programs\MiKTeX\tex/latex/graphics\trig.sty"
Package: trig 2016/01/03 v1.10 sin cos tan (DPC)
) ("C:\Users\John Li\AppData\Local\Programs\MiKTeX\tex/latex/graphics-cfg\graphics.cfg"
File: graphics.cfg 2016/06/04 v1.11 sample graphics configuration
)
Package graphics Info: Driver file: pdftex.def on input line 105.
 ("C:\Users\John Li\AppData\Local\Programs\MiKTeX\tex/latex/graphics-def\pdftex.def"
File: pdftex.def 2020/10/05 v1.2a Graphics/color driver for pdftex
))
\Gin@req@height=\dimen154
\Gin@req@width=\dimen155
) ("C:\Users\John Li\AppData\Local\Programs\MiKTeX\tex/latex/enumitem\enumitem.sty"
Package: enumitem 2019/06/20 v3.9 Customized lists
\labelindent=\skip60
\enit@outerparindent=\dimen156
\enit@toks=\toks21
\enit@inbox=\box49
\enit@count@id=\count189
\enitdp@description=\count190
) ("C:\Users\John Li\AppData\Local\Programs\MiKTeX\tex/latex/base\textcomp.sty"
Package: textcomp 2020/02/02 v2.0n Standard LaTeX package
) ("C:\Users\John Li\AppData\Local\Programs\MiKTeX\tex/latex/was\gensymb.sty"
Package: gensymb 2003/07/02 v1.0 (WaS)
) ("C:\Users\John Li\AppData\Local\Programs\MiKTeX\tex/latex/l3backend\l3backend-pdftex.def"
File: l3backend-pdftex.def 2021-01-09 L3 backend support: PDF output (pdfTeX)
\l__kernel_color_stack_int=\count191
\l__pdf_internal_box=\box50
) (d:/School\_latex-hw\2021-2022\Summer\CSE360\Exercise6\Exercise6.aux)
\openout1 = `Exercise6.aux'.

LaTeX Font Info:    Checking defaults for OML/cmm/m/it on input line 25.
LaTeX Font Info:    ... okay on input line 25.
LaTeX Font Info:    Checking defaults for OMS/cmsy/m/n on input line 25.
LaTeX Font Info:    ... okay on input line 25.
LaTeX Font Info:    Checking defaults for OT1/cmr/m/n on input line 25.
LaTeX Font Info:    ... okay on input line 25.
LaTeX Font Info:    Checking defaults for T1/cmr/m/n on input line 25.
LaTeX Font Info:    ... okay on input line 25.
LaTeX Font Info:    Checking defaults for TS1/cmr/m/n on input line 25.
LaTeX Font Info:    ... okay on input line 25.
LaTeX Font Info:    Checking defaults for OMX/cmex/m/n on input line 25.
LaTeX Font Info:    ... okay on input line 25.
LaTeX Font Info:    Checking defaults for U/cmr/m/n on input line 25.
LaTeX Font Info:    ... okay on input line 25.

*geometry* driver: auto-detecting
*geometry* detected driver: pdftex
*geometry* verbose mode - [ preamble ] result:
* driver: pdftex
* paper: a4paper
* layout: <same size as paper>
* layoutoffset:(h,v)=(0.0pt,0.0pt)
* modes: 
* h-part:(L,W,R)=(81.94394pt, 433.62pt, 81.94394pt)
* v-part:(T,H,B)=(106.75473pt, 578.15999pt, 160.13213pt)
* \paperwidth=597.50787pt
* \paperheight=845.04684pt
* \textwidth=433.62pt
* \textheight=578.15999pt
* \oddsidemargin=9.67395pt
* \evensidemargin=9.67395pt
* \topmargin=-2.51526pt
* \headheight=12.0pt
* \headsep=25.0pt
* \topskip=10.0pt
* \footskip=30.0pt
* \marginparwidth=65.0pt
* \marginparsep=11.0pt
* \columnsep=10.0pt
* \skip\footins=9.0pt plus 4.0pt minus 2.0pt
* \hoffset=0.0pt
* \voffset=0.0pt
* \mag=1000
* \@twocolumnfalse
* \@twosidefalse
* \@mparswitchfalse
* \@reversemarginfalse
* (1in=72.27pt=25.4mm, 1cm=28.453pt)

("C:\Users\John Li\AppData\Local\Programs\MiKTeX\tex/context/base/mkii\supp-pdf.mkii"
[Loading MPS to PDF converter (version 2006.09.02).]
\scratchcounter=\count192
\scratchdimen=\dimen157
\scratchbox=\box51
\nofMPsegments=\count193
\nofMParguments=\count194
\everyMPshowfont=\toks22
\MPscratchCnt=\count195
\MPscratchDim=\dimen158
\MPnumerator=\count196
\makeMPintoPDFobject=\count197
\everyMPtoPDFconversion=\toks23
) ("C:\Users\John Li\AppData\Local\Programs\MiKTeX\tex/latex/epstopdf-pkg\epstopdf-base.sty"
Package: epstopdf-base 2020-01-24 v2.11 Base part for package epstopdf
Package epstopdf-base Info: Redefining graphics rule for `.eps' on input line 485.
)
\symgns@font=\mathgroup4
LaTeX Font Info:    Overwriting symbol font `gns@font' in version `bold'
(Font)                  TS1/cmr/m/n --> TS1/cmr/b/n on input line 25.
Package gensymb Info: Math companion symbols declared on input line 25.
LaTeX Info: Redefining \degree on input line 25.
LaTeX Info: Redefining \celsius on input line 25.
Package gensymb Info: Using text companion symbols for \degree, \celsius and \perthousand on input line 25.
LaTeX Info: Redefining \ohm on input line 25.
Package gensymb Info: Using \textohm for \ohm on input line 25.
Package gensymb Info: Using \textmu for \micro on input line 25.
LaTeX Font Info:    External font `cmex10' loaded for size
(Font)              <12> on input line 26.
LaTeX Font Info:    External font `cmex10' loaded for size
(Font)              <8> on input line 26.
LaTeX Font Info:    External font `cmex10' loaded for size
(Font)              <6> on input line 26.
<Exercise 6_ Practice Problem 1.jpg, id=1, 461.47406pt x 522.45187pt>
File: Exercise 6_ Practice Problem 1.jpg Graphic file (type jpg)
<use Exercise 6_ Practice Problem 1.jpg>
Package pdftex.def Info: Exercise 6_ Practice Problem 1.jpg  used on input line 53.
(pdftex.def)             Requested size: 415.3228pt x 470.20233pt.
 [1

{C:/Users/John Li/AppData/Local/MiKTeX/pdftex/config/pdftex.map}]
<Problem1_a.png, id=11, 606.265pt x 678.535pt>
File: Problem1_a.png Graphic file (type png)
<use Problem1_a.png>
Package pdftex.def Info: Problem1_a.png  used on input line 59.
(pdftex.def)             Requested size: 424.3826pt x 474.97125pt.
 [2 <d:/School/_latex-hw/2021-2022/Summer/CSE360/Exercise6/Exercise 6_ Practice Problem 1.jpg>] [3 <d:/School/_latex-hw/2021-2022/Summer/CSE360/Exercise6/Problem1_a.png>]
<Exercise 6_ Practice Problems c.jpg, id=21, 248.42813pt x 411.03563pt>
File: Exercise 6_ Practice Problems c.jpg Graphic file (type jpg)
<use Exercise 6_ Practice Problems c.jpg>
Package pdftex.def Info: Exercise 6_ Practice Problems c.jpg  used on input line 106.
(pdftex.def)             Requested size: 198.74277pt x 328.82895pt.
 [4]
<problem1_c.png, id=25, 364.36125pt x 583.17876pt>
File: problem1_c.png Graphic file (type png)
<use problem1_c.png>
Package pdftex.def Info: problem1_c.png  used on input line 112.
(pdftex.def)             Requested size: 182.18018pt x 291.58867pt.
 [5 <d:/School/_latex-hw/2021-2022/Summer/CSE360/Exercise6/Exercise 6_ Practice Problems c.jpg>]
<Problem2_a.png, id=29, 809.0225pt x 667.49374pt>
File: Problem2_a.png Graphic file (type png)
<use Problem2_a.png>
Package pdftex.def Info: Problem2_a.png  used on input line 135.
(pdftex.def)             Requested size: 404.51027pt x 333.74606pt.
 [6 <d:/School/_latex-hw/2021-2022/Summer/CSE360/Exercise6/problem1_c.png (PNG copy)>] [7 <d:/School/_latex-hw/2021-2022/Summer/CSE360/Exercise6/Problem2_a.png>]
<Problem2_c.png, id=38, 362.35374pt x 733.74126pt>
File: Problem2_c.png Graphic file (type png)
<use Problem2_c.png>
Package pdftex.def Info: Problem2_c.png  used on input line 182.
(pdftex.def)             Requested size: 217.41393pt x 440.24815pt.
 [8] [9 <d:/School/_latex-hw/2021-2022/Summer/CSE360/Exercise6/Problem2_c.png (PNG copy)>] (d:/School\_latex-hw\2021-2022\Summer\CSE360\Exercise6\Exercise6.aux) ) 
Here is how much of TeX's memory you used:
 2456 strings out of 479618
 38328 string characters out of 2864038
 325882 words of memory out of 3000000
 19618 multiletter control sequences out of 15000+200000
 408894 words of font info for 45 fonts, out of 3000000 for 9000
 1141 hyphenation exceptions out of 8191
 68i,10n,74p,261b,350s stack positions out of 5000i,500n,10000p,200000b,50000s
 <C:\Users\John Li\AppData\Local\MiKTeX\fonts/pk/ljfour/jknappen/ec/dpi600\tcrm1000.pk><C:/Users/John Li/AppData/Local/Programs/MiKTeX/fonts/type1/public/amsfonts/cm/cmbx12.pfb><C:/Users/John Li/AppData/Local/Programs/MiKTeX/fonts/type1/public/amsfonts/cm/cmr10.pfb><C:/Users/John Li/AppData/Local/Programs/MiKTeX/fonts/type1/public/amsfonts/cm/cmr12.pfb><C:/Users/John Li/AppData/Local/Programs/MiKTeX/fonts/type1/public/amsfonts/cm/cmr17.pfb><C:/Users/John Li/AppData/Local/Programs/MiKTeX/fonts/type1/public/amsfonts/cm/cmtt10.pfb>
Output written on d:/School\_latex-hw\2021-2022\Summer\CSE360\Exercise6\Exercise6.pdf (9 pages, 200367 bytes).
PDF statistics:
 66 PDF objects out of 1000 (max. 8388607)
 0 named destinations out of 1000 (max. 500000)
 31 words of extra memory for PDF output out of 10000 (max. 10000000)

